-------------------------------------------------------------------------------
Test set: mySystem.QuickSales.service.PagoServiceTest
-------------------------------------------------------------------------------
Tests run: 4, Failures: 2, Errors: 2, Skipped: 0, Time elapsed: 0.001 s <<< FAILURE! - in mySystem.QuickSales.service.PagoServiceTest
testActualizrPagoProveedor  Time elapsed: 0 s  <<< FAILURE!
org.opentest4j.AssertionFailedError: The test case is a prototype.
	at mySystem.QuickSales.service.PagoServiceTest.testActualizrPagoProveedor(PagoServiceTest.java:64)

testRegistrarPagoProveedor  Time elapsed: 0 s  <<< ERROR!
java.lang.NullPointerException: Cannot invoke "org.modelmapper.ModelMapper.map(Object, java.lang.Class)" because "this.modelMapper" is null
	at mySystem.QuickSales.service.PagoServiceTest.testRegistrarPagoProveedor(PagoServiceTest.java:49)

testEliminarPagoProveedor  Time elapsed: 0.001 s  <<< FAILURE!
org.opentest4j.AssertionFailedError: The test case is a prototype.
	at mySystem.QuickSales.service.PagoServiceTest.testEliminarPagoProveedor(PagoServiceTest.java:77)

testVerPagoProveedor  Time elapsed: 0 s  <<< ERROR!
java.lang.NullPointerException: Cannot invoke "mySystem.QuickSales.repository.PagoRepository.findAll()" because "this.pago_proveedor_repo" is null
	at mySystem.QuickSales.service.PagoServiceTest.testVerPagoProveedor(PagoServiceTest.java:88)

