-------------------------------------------------------------------------------
Test set: mySystem.QuickSales.service.MetodoVentaServiceTest
-------------------------------------------------------------------------------
Tests run: 4, Failures: 3, Errors: 1, Skipped: 0, Time elapsed: 0.001 s <<< FAILURE! - in mySystem.QuickSales.service.MetodoVentaServiceTest
testVerMetodoVenta  Time elapsed: 0 s  <<< ERROR!
java.lang.NullPointerException: Cannot invoke "mySystem.QuickSales.repository.MetodoVentaRepository.findAll()" because "this.metodo_venta_repo" is null
	at mySystem.QuickSales.service.MetodoVentaServiceTest.testVerMetodoVenta(MetodoVentaServiceTest.java:88)

testActualizarMetodoVenta  Time elapsed: 0.001 s  <<< FAILURE!
org.opentest4j.AssertionFailedError: The test case is a prototype.
	at mySystem.QuickSales.service.MetodoVentaServiceTest.testActualizarMetodoVenta(MetodoVentaServiceTest.java:64)

testEliminarMetodoVenta  Time elapsed: 0 s  <<< FAILURE!
org.opentest4j.AssertionFailedError: The test case is a prototype.
	at mySystem.QuickSales.service.MetodoVentaServiceTest.testEliminarMetodoVenta(MetodoVentaServiceTest.java:77)

testRegistrarMetodoVenta  Time elapsed: 0 s  <<< FAILURE!
org.opentest4j.AssertionFailedError: The test case is a prototype.
	at mySystem.QuickSales.service.MetodoVentaServiceTest.testRegistrarMetodoVenta(MetodoVentaServiceTest.java:51)

