-------------------------------------------------------------------------------
Test set: mySystem.QuickSales.service.StockServiceTest
-------------------------------------------------------------------------------
Tests run: 4, Failures: 3, Errors: 1, Skipped: 0, Time elapsed: 0 s <<< FAILURE! - in mySystem.QuickSales.service.StockServiceTest
testActualizarDeposito  Time elapsed: 0 s  <<< FAILURE!
org.opentest4j.AssertionFailedError: The test case is a prototype.
	at mySystem.QuickSales.service.StockServiceTest.testActualizarDeposito(StockServiceTest.java:64)

testEliminarDesposito  Time elapsed: 0 s  <<< FAILURE!
org.opentest4j.AssertionFailedError: The test case is a prototype.
	at mySystem.QuickSales.service.StockServiceTest.testEliminarDesposito(StockServiceTest.java:77)

testRegistrarDeposito  Time elapsed: 0 s  <<< FAILURE!
org.opentest4j.AssertionFailedError: The test case is a prototype.
	at mySystem.QuickSales.service.StockServiceTest.testRegistrarDeposito(StockServiceTest.java:51)

testVerDeposito  Time elapsed: 0 s  <<< ERROR!
java.lang.NullPointerException: Cannot invoke "mySystem.QuickSales.repository.StockRepository.findAll()" because "this.stock_repo" is null
	at mySystem.QuickSales.service.StockServiceTest.testVerDeposito(StockServiceTest.java:88)

