-------------------------------------------------------------------------------
Test set: mySystem.QuickSales.service.ContactoServiceTest
-------------------------------------------------------------------------------
Tests run: 5, Failures: 2, Errors: 3, Skipped: 0, Time elapsed: 0.004 s <<< FAILURE! - in mySystem.QuickSales.service.ContactoServiceTest
testListarPorProveedor  Time elapsed: 0 s  <<< ERROR!
java.lang.NullPointerException: Cannot invoke "mySystem.QuickSales.repository.ContactoRepository.findByProveedorId(int)" because "this.contactoRepo" is null
	at mySystem.QuickSales.service.ContactoServiceTest.testListarPorProveedor(ContactoServiceTest.java:102)

testRegistrarContacto  Time elapsed: 0.002 s  <<< FAILURE!
org.opentest4j.AssertionFailedError: The test case is a prototype.
	at mySystem.QuickSales.service.ContactoServiceTest.testRegistrarContacto(ContactoServiceTest.java:51)

testVerContactos  Time elapsed: 0 s  <<< ERROR!
java.lang.NullPointerException: Cannot invoke "mySystem.QuickSales.repository.ContactoRepository.findAll()" because "this.contactoRepo" is null
	at mySystem.QuickSales.service.ContactoServiceTest.testVerContactos(ContactoServiceTest.java:87)

testActualizarContacto  Time elapsed: 0.002 s  <<< FAILURE!
org.opentest4j.AssertionFailedError: The test case is a prototype.
	at mySystem.QuickSales.service.ContactoServiceTest.testActualizarContacto(ContactoServiceTest.java:64)

testEliminarContacto{int}  Time elapsed: 0 s  <<< ERROR!
org.junit.jupiter.api.extension.ParameterResolutionException: No ParameterResolver registered for parameter [int id_contacto] in method [public void mySystem.QuickSales.service.ContactoServiceTest.testEliminarContacto(int)].

