-------------------------------------------------------------------------------
Test set: mySystem.QuickSales.service.ClienteServiceTest
-------------------------------------------------------------------------------
Tests run: 4, Failures: 1, Errors: 3, Skipped: 0, Time elapsed: 0.001 s <<< FAILURE! - in mySystem.QuickSales.service.ClienteServiceTest
testEliminarCliente  Time elapsed: 0 s  <<< ERROR!
java.lang.NullPointerException: Cannot invoke "mySystem.QuickSales.DTO.ClienteDTO.getId()" because "cliente" is null
	at mySystem.QuickSales.service.ClienteServiceTest.testEliminarCliente(ClienteServiceTest.java:75)

testMostrarClientes  Time elapsed: 0.001 s  <<< FAILURE!
org.opentest4j.AssertionFailedError: expected: <null> but was: <[]>
	at mySystem.QuickSales.service.ClienteServiceTest.testMostrarClientes(ClienteServiceTest.java:89)

testRegistrarCliente  Time elapsed: 0 s  <<< ERROR!
java.lang.NullPointerException: Cannot invoke "mySystem.QuickSales.DTO.ClienteDTO.getId()" because "cliente" is null
	at mySystem.QuickSales.service.ClienteServiceTest.testRegistrarCliente(ClienteServiceTest.java:49)

testActualizarCliente  Time elapsed: 0 s  <<< ERROR!
java.lang.NullPointerException: Cannot invoke "mySystem.QuickSales.DTO.ClienteDTO.getId()" because "cliente" is null
	at mySystem.QuickSales.service.ClienteServiceTest.testActualizarCliente(ClienteServiceTest.java:62)

