-------------------------------------------------------------------------------
Test set: mySystem.QuickSales.service.RetiroServiceTest
-------------------------------------------------------------------------------
Tests run: 4, Failures: 3, Errors: 1, Skipped: 0, Time elapsed: 0 s <<< FAILURE! - in mySystem.QuickSales.service.RetiroServiceTest
testVerRetiro  Time elapsed: 0 s  <<< ERROR!
java.lang.NullPointerException: Cannot invoke "mySystem.QuickSales.repository.RetiroRepository.findAll()" because "this.retiro_repo" is null
	at mySystem.QuickSales.service.RetiroServiceTest.testVerRetiro(RetiroServiceTest.java:88)

testModificarRetiro  Time elapsed: 0 s  <<< FAILURE!
org.opentest4j.AssertionFailedError: The test case is a prototype.
	at mySystem.QuickSales.service.RetiroServiceTest.testModificarRetiro(RetiroServiceTest.java:64)

testRegistrarRetiro  Time elapsed: 0 s  <<< FAILURE!
org.opentest4j.AssertionFailedError: The test case is a prototype.
	at mySystem.QuickSales.service.RetiroServiceTest.testRegistrarRetiro(RetiroServiceTest.java:51)

testEliminarRetiro  Time elapsed: 0 s  <<< FAILURE!
org.opentest4j.AssertionFailedError: The test case is a prototype.
	at mySystem.QuickSales.service.RetiroServiceTest.testEliminarRetiro(RetiroServiceTest.java:77)

