<?xml version="1.0" encoding="UTF-8"?>
<testsuite xmlns:xsi="http://www.w3.org/2001/XMLSchema-instance" xsi:noNamespaceSchemaLocation="https://maven.apache.org/surefire/maven-surefire-plugin/xsd/surefire-test-report.xsd" name="mySystem.QuickSales.service.ContactoServiceTest" time="0.037" tests="5" errors="3" skipped="0" failures="2">
  <properties>
[...]
</properties>
  <testcase name="testListarPorProveedor" classname="mySystem.QuickSales.service.ContactoServiceTest" time="0">
    <error message="Cannot invoke &quot;mySystem.QuickSales.repository.ContactoRepository.findByProveedorId(int)&quot; because &quot;this.contactoRepo&quot; is null" type="java.lang.NullPointerException">java.lang.NullPointerException: Cannot invoke "mySystem.QuickSales.repository.ContactoRepository.findByProveedorId(int)" because "this.contactoRepo" is null
	at mySystem.QuickSales.service.ContactoServiceTest.testListarPorProveedor(ContactoServiceTest.java:103)
</error>
    <system-out><![CDATA[listarPorProveedor
]]></system-out>
  </testcase>
  <testcase name="testRegistrarContacto" classname="mySystem.QuickSales.service.ContactoServiceTest" time="0.036">
    <failure message="The test case is a prototype." type="org.opentest4j.AssertionFailedError">org.opentest4j.AssertionFailedError: The test case is a prototype.
	at mySystem.QuickSales.service.ContactoServiceTest.testRegistrarContacto(ContactoServiceTest.java:51)
</failure>
    <system-out><![CDATA[registrarContacto
[mySystem.QuickSales.service.ContactoService.registrarContacto(ContactoService.java:27), mySystem.QuickSales.service.ContactoServiceTest.testRegistrarContacto(ContactoServiceTest.java:49), java.base/jdk.internal.reflect.DirectMethodHandleAccessor.invoke(DirectMethodHandleAccessor.java:104), java.base/java.lang.reflect.Method.invoke(Method.java:577), org.junit.platform.commons.util.ReflectionUtils.invokeMethod(ReflectionUtils.java:727), org.junit.jupiter.engine.execution.MethodInvocation.proceed(MethodInvocation.java:60), org.junit.jupiter.engine.execution.InvocationInterceptorChain$ValidatingInvocation.proceed(InvocationInterceptorChain.java:131), org.junit.jupiter.engine.extension.TimeoutExtension.intercept(TimeoutExtension.java:156), org.junit.jupiter.engine.extension.TimeoutExtension.interceptTestableMethod(TimeoutExtension.java:147), org.junit.jupiter.engine.extension.TimeoutExtension.interceptTestMethod(TimeoutExtension.java:86), org.junit.jupiter.engine.execution.InterceptingExecutableInvoker$ReflectiveInterceptorCall.lambda$ofVoidMethod$0(InterceptingExecutableInvoker.java:103), org.junit.jupiter.engine.execution.InterceptingExecutableInvoker.lambda$invoke$0(InterceptingExecutableInvoker.java:93), org.junit.jupiter.engine.execution.InvocationInterceptorChain$InterceptedInvocation.proceed(InvocationInterceptorChain.java:106), org.junit.jupiter.engine.execution.InvocationInterceptorChain.proceed(InvocationInterceptorChain.java:64), org.junit.jupiter.engine.execution.InvocationInterceptorChain.chainAndInvoke(InvocationInterceptorChain.java:45), org.junit.jupiter.engine.execution.InvocationInterceptorChain.invoke(InvocationInterceptorChain.java:37), org.junit.jupiter.engine.execution.InterceptingExecutableInvoker.invoke(InterceptingExecutableInvoker.java:92), org.junit.jupiter.engine.execution.InterceptingExecutableInvoker.invoke(InterceptingExecutableInvoker.java:86), org.junit.jupiter.engine.descriptor.TestMethodTestDescriptor.lambda$invokeTestMethod$7(TestMethodTestDescriptor.java:217), org.junit.platform.engine.support.hierarchical.ThrowableCollector.execute(ThrowableCollector.java:73), org.junit.jupiter.engine.descriptor.TestMethodTestDescriptor.invokeTestMethod(TestMethodTestDescriptor.java:213), org.junit.jupiter.engine.descriptor.TestMethodTestDescriptor.execute(TestMethodTestDescriptor.java:138), org.junit.jupiter.engine.descriptor.TestMethodTestDescriptor.execute(TestMethodTestDescriptor.java:68), org.junit.platform.engine.support.hierarchical.NodeTestTask.lambda$executeRecursively$6(NodeTestTask.java:151), org.junit.platform.engine.support.hierarchical.ThrowableCollector.execute(ThrowableCollector.java:73), org.junit.platform.engine.support.hierarchical.NodeTestTask.lambda$executeRecursively$8(NodeTestTask.java:141), org.junit.platform.engine.support.hierarchical.Node.around(Node.java:137), org.junit.platform.engine.support.hierarchical.NodeTestTask.lambda$executeRecursively$9(NodeTestTask.java:139), org.junit.platform.engine.support.hierarchical.ThrowableCollector.execute(ThrowableCollector.java:73), org.junit.platform.engine.support.hierarchical.NodeTestTask.executeRecursively(NodeTestTask.java:138), org.junit.platform.engine.support.hierarchical.NodeTestTask.execute(NodeTestTask.java:95), java.base/java.util.ArrayList.forEach(ArrayList.java:1511), org.junit.platform.engine.support.hierarchical.SameThreadHierarchicalTestExecutorService.invokeAll(SameThreadHierarchicalTestExecutorService.java:41), org.junit.platform.engine.support.hierarchical.NodeTestTask.lambda$executeRecursively$6(NodeTestTask.java:155), org.junit.platform.engine.support.hierarchical.ThrowableCollector.execute(ThrowableCollector.java:73), org.junit.platform.engine.support.hierarchical.NodeTestTask.lambda$executeRecursively$8(NodeTestTask.java:141), org.junit.platform.engine.support.hierarchical.Node.around(Node.java:137), org.junit.platform.engine.support.hierarchical.NodeTestTask.lambda$executeRecursively$9(NodeTestTask.java:139), org.junit.platform.engine.support.hierarchical.ThrowableCollector.execute(ThrowableCollector.java:73), org.junit.platform.engine.support.hierarchical.NodeTestTask.executeRecursively(NodeTestTask.java:138), org.junit.platform.engine.support.hierarchical.NodeTestTask.execute(NodeTestTask.java:95), java.base/java.util.ArrayList.forEach(ArrayList.java:1511), org.junit.platform.engine.support.hierarchical.SameThreadHierarchicalTestExecutorService.invokeAll(SameThreadHierarchicalTestExecutorService.java:41), org.junit.platform.engine.support.hierarchical.NodeTestTask.lambda$executeRecursively$6(NodeTestTask.java:155), org.junit.platform.engine.support.hierarchical.ThrowableCollector.execute(ThrowableCollector.java:73), org.junit.platform.engine.support.hierarchical.NodeTestTask.lambda$executeRecursively$8(NodeTestTask.java:141), org.junit.platform.engine.support.hierarchical.Node.around(Node.java:137), org.junit.platform.engine.support.hierarchical.NodeTestTask.lambda$executeRecursively$9(NodeTestTask.java:139), org.junit.platform.engine.support.hierarchical.ThrowableCollector.execute(ThrowableCollector.java:73), org.junit.platform.engine.support.hierarchical.NodeTestTask.executeRecursively(NodeTestTask.java:138), org.junit.platform.engine.support.hierarchical.NodeTestTask.execute(NodeTestTask.java:95), org.junit.platform.engine.support.hierarchical.SameThreadHierarchicalTestExecutorService.submit(SameThreadHierarchicalTestExecutorService.java:35), org.junit.platform.engine.support.hierarchical.HierarchicalTestExecutor.execute(HierarchicalTestExecutor.java:57), org.junit.platform.engine.support.hierarchical.HierarchicalTestEngine.execute(HierarchicalTestEngine.java:54), org.junit.platform.launcher.core.DefaultLauncher.execute(DefaultLauncher.java:220), org.junit.platform.launcher.core.DefaultLauncher.lambda$execute$6(DefaultLauncher.java:188), org.junit.platform.launcher.core.DefaultLauncher.withInterceptedStreams(DefaultLauncher.java:202), org.junit.platform.launcher.core.DefaultLauncher.execute(DefaultLauncher.java:181), org.junit.platform.launcher.core.DefaultLauncher.execute(DefaultLauncher.java:128), org.apache.maven.surefire.junitplatform.JUnitPlatformProvider.invokeAllTests(JUnitPlatformProvider.java:150), org.apache.maven.surefire.junitplatform.JUnitPlatformProvider.invoke(JUnitPlatformProvider.java:124), org.apache.maven.surefire.booter.ForkedBooter.invokeProviderInSameClassLoader(ForkedBooter.java:384), org.apache.maven.surefire.booter.ForkedBooter.runSuitesInProcess(ForkedBooter.java:345), org.apache.maven.surefire.booter.ForkedBooter.execute(ForkedBooter.java:126), org.apache.maven.surefire.booter.ForkedBooter.main(ForkedBooter.java:418)]
]]></system-out>
  </testcase>
  <testcase name="testVerContactos" classname="mySystem.QuickSales.service.ContactoServiceTest" time="0">
    <error message="Cannot invoke &quot;mySystem.QuickSales.repository.ContactoRepository.findAll()&quot; because &quot;this.contactoRepo&quot; is null" type="java.lang.NullPointerException">java.lang.NullPointerException: Cannot invoke "mySystem.QuickSales.repository.ContactoRepository.findAll()" because "this.contactoRepo" is null
	at mySystem.QuickSales.service.ContactoServiceTest.testVerContactos(ContactoServiceTest.java:88)
</error>
    <system-out><![CDATA[verContactos
]]></system-out>
  </testcase>
  <testcase name="testActualizarContacto" classname="mySystem.QuickSales.service.ContactoServiceTest" time="0.001">
    <failure message="The test case is a prototype." type="org.opentest4j.AssertionFailedError">org.opentest4j.AssertionFailedError: The test case is a prototype.
	at mySystem.QuickSales.service.ContactoServiceTest.testActualizarContacto(ContactoServiceTest.java:64)
</failure>
    <system-out><![CDATA[actualizarContacto
[mySystem.QuickSales.service.ContactoService.actualizarContacto(ContactoService.java:43), mySystem.QuickSales.service.ContactoServiceTest.testActualizarContacto(ContactoServiceTest.java:62), java.base/jdk.internal.reflect.DirectMethodHandleAccessor.invoke(DirectMethodHandleAccessor.java:104), java.base/java.lang.reflect.Method.invoke(Method.java:577), org.junit.platform.commons.util.ReflectionUtils.invokeMethod(ReflectionUtils.java:727), org.junit.jupiter.engine.execution.MethodInvocation.proceed(MethodInvocation.java:60), org.junit.jupiter.engine.execution.InvocationInterceptorChain$ValidatingInvocation.proceed(InvocationInterceptorChain.java:131), org.junit.jupiter.engine.extension.TimeoutExtension.intercept(TimeoutExtension.java:156), org.junit.jupiter.engine.extension.TimeoutExtension.interceptTestableMethod(TimeoutExtension.java:147), org.junit.jupiter.engine.extension.TimeoutExtension.interceptTestMethod(TimeoutExtension.java:86), org.junit.jupiter.engine.execution.InterceptingExecutableInvoker$ReflectiveInterceptorCall.lambda$ofVoidMethod$0(InterceptingExecutableInvoker.java:103), org.junit.jupiter.engine.execution.InterceptingExecutableInvoker.lambda$invoke$0(InterceptingExecutableInvoker.java:93), org.junit.jupiter.engine.execution.InvocationInterceptorChain$InterceptedInvocation.proceed(InvocationInterceptorChain.java:106), org.junit.jupiter.engine.execution.InvocationInterceptorChain.proceed(InvocationInterceptorChain.java:64), org.junit.jupiter.engine.execution.InvocationInterceptorChain.chainAndInvoke(InvocationInterceptorChain.java:45), org.junit.jupiter.engine.execution.InvocationInterceptorChain.invoke(InvocationInterceptorChain.java:37), org.junit.jupiter.engine.execution.InterceptingExecutableInvoker.invoke(InterceptingExecutableInvoker.java:92), org.junit.jupiter.engine.execution.InterceptingExecutableInvoker.invoke(InterceptingExecutableInvoker.java:86), org.junit.jupiter.engine.descriptor.TestMethodTestDescriptor.lambda$invokeTestMethod$7(TestMethodTestDescriptor.java:217), org.junit.platform.engine.support.hierarchical.ThrowableCollector.execute(ThrowableCollector.java:73), org.junit.jupiter.engine.descriptor.TestMethodTestDescriptor.invokeTestMethod(TestMethodTestDescriptor.java:213), org.junit.jupiter.engine.descriptor.TestMethodTestDescriptor.execute(TestMethodTestDescriptor.java:138), org.junit.jupiter.engine.descriptor.TestMethodTestDescriptor.execute(TestMethodTestDescriptor.java:68), org.junit.platform.engine.support.hierarchical.NodeTestTask.lambda$executeRecursively$6(NodeTestTask.java:151), org.junit.platform.engine.support.hierarchical.ThrowableCollector.execute(ThrowableCollector.java:73), org.junit.platform.engine.support.hierarchical.NodeTestTask.lambda$executeRecursively$8(NodeTestTask.java:141), org.junit.platform.engine.support.hierarchical.Node.around(Node.java:137), org.junit.platform.engine.support.hierarchical.NodeTestTask.lambda$executeRecursively$9(NodeTestTask.java:139), org.junit.platform.engine.support.hierarchical.ThrowableCollector.execute(ThrowableCollector.java:73), org.junit.platform.engine.support.hierarchical.NodeTestTask.executeRecursively(NodeTestTask.java:138), org.junit.platform.engine.support.hierarchical.NodeTestTask.execute(NodeTestTask.java:95), java.base/java.util.ArrayList.forEach(ArrayList.java:1511), org.junit.platform.engine.support.hierarchical.SameThreadHierarchicalTestExecutorService.invokeAll(SameThreadHierarchicalTestExecutorService.java:41), org.junit.platform.engine.support.hierarchical.NodeTestTask.lambda$executeRecursively$6(NodeTestTask.java:155), org.junit.platform.engine.support.hierarchical.ThrowableCollector.execute(ThrowableCollector.java:73), org.junit.platform.engine.support.hierarchical.NodeTestTask.lambda$executeRecursively$8(NodeTestTask.java:141), org.junit.platform.engine.support.hierarchical.Node.around(Node.java:137), org.junit.platform.engine.support.hierarchical.NodeTestTask.lambda$executeRecursively$9(NodeTestTask.java:139), org.junit.platform.engine.support.hierarchical.ThrowableCollector.execute(ThrowableCollector.java:73), org.junit.platform.engine.support.hierarchical.NodeTestTask.executeRecursively(NodeTestTask.java:138), org.junit.platform.engine.support.hierarchical.NodeTestTask.execute(NodeTestTask.java:95), java.base/java.util.ArrayList.forEach(ArrayList.java:1511), org.junit.platform.engine.support.hierarchical.SameThreadHierarchicalTestExecutorService.invokeAll(SameThreadHierarchicalTestExecutorService.java:41), org.junit.platform.engine.support.hierarchical.NodeTestTask.lambda$executeRecursively$6(NodeTestTask.java:155), org.junit.platform.engine.support.hierarchical.ThrowableCollector.execute(ThrowableCollector.java:73), org.junit.platform.engine.support.hierarchical.NodeTestTask.lambda$executeRecursively$8(NodeTestTask.java:141), org.junit.platform.engine.support.hierarchical.Node.around(Node.java:137), org.junit.platform.engine.support.hierarchical.NodeTestTask.lambda$executeRecursively$9(NodeTestTask.java:139), org.junit.platform.engine.support.hierarchical.ThrowableCollector.execute(ThrowableCollector.java:73), org.junit.platform.engine.support.hierarchical.NodeTestTask.executeRecursively(NodeTestTask.java:138), org.junit.platform.engine.support.hierarchical.NodeTestTask.execute(NodeTestTask.java:95), org.junit.platform.engine.support.hierarchical.SameThreadHierarchicalTestExecutorService.submit(SameThreadHierarchicalTestExecutorService.java:35), org.junit.platform.engine.support.hierarchical.HierarchicalTestExecutor.execute(HierarchicalTestExecutor.java:57), org.junit.platform.engine.support.hierarchical.HierarchicalTestEngine.execute(HierarchicalTestEngine.java:54), org.junit.platform.launcher.core.DefaultLauncher.execute(DefaultLauncher.java:220), org.junit.platform.launcher.core.DefaultLauncher.lambda$execute$6(DefaultLauncher.java:188), org.junit.platform.launcher.core.DefaultLauncher.withInterceptedStreams(DefaultLauncher.java:202), org.junit.platform.launcher.core.DefaultLauncher.execute(DefaultLauncher.java:181), org.junit.platform.launcher.core.DefaultLauncher.execute(DefaultLauncher.java:128), org.apache.maven.surefire.junitplatform.JUnitPlatformProvider.invokeAllTests(JUnitPlatformProvider.java:150), org.apache.maven.surefire.junitplatform.JUnitPlatformProvider.invoke(JUnitPlatformProvider.java:124), org.apache.maven.surefire.booter.ForkedBooter.invokeProviderInSameClassLoader(ForkedBooter.java:384), org.apache.maven.surefire.booter.ForkedBooter.runSuitesInProcess(ForkedBooter.java:345), org.apache.maven.surefire.booter.ForkedBooter.execute(ForkedBooter.java:126), org.apache.maven.surefire.booter.ForkedBooter.main(ForkedBooter.java:418)]
]]></system-out>
  </testcase>
  <testcase name="testEliminarContacto" classname="mySystem.QuickSales.service.ContactoServiceTest" time="0">
    <error message="Cannot invoke &quot;mySystem.QuickSales.DTO.ContactoDTO.getId()&quot; because &quot;contacto_dto&quot; is null" type="java.lang.NullPointerException">java.lang.NullPointerException: Cannot invoke "mySystem.QuickSales.DTO.ContactoDTO.getId()" because "contacto_dto" is null
	at mySystem.QuickSales.service.ContactoServiceTest.testEliminarContacto(ContactoServiceTest.java:75)
</error>
    <system-out><![CDATA[eliminarContacto
]]></system-out>
  </testcase>
</testsuite>